# Logfile created on 2014-03-31 10:27:53 -0400 by logger.rb/41954
I, [2014-03-31T10:27:53.889130 #3067]  INFO -- : 0:  rake (10.1.1) from /Users/keithwilliamsjr/.rvm/gems/ruby-2.0.0-p353/specifications/rake-10.1.1.gemspec
I, [2014-03-31T10:27:53.889814 #3067]  INFO -- : 0:  i18n (0.6.9) from /Users/keithwilliamsjr/.rvm/gems/ruby-2.0.0-p353/specifications/i18n-0.6.9.gemspec
I, [2014-03-31T10:27:53.890366 #3067]  INFO -- : 0:  minitest (4.7.5) from /Users/keithwilliamsjr/.rvm/gems/ruby-2.0.0-p353/specifications/minitest-4.7.5.gemspec
I, [2014-03-31T10:27:55.127822 #3067]  INFO -- : 0:  multi_json (1.8.4) from /Users/keithwilliamsjr/.rvm/gems/ruby-2.0.0-p353/specifications/multi_json-1.8.4.gemspec
I, [2014-03-31T10:27:56.912616 #3067]  INFO -- : 0:  atomic (1.1.14) from /Users/keithwilliamsjr/.rvm/gems/ruby-2.0.0-p353/specifications/atomic-1.1.14.gemspec
I, [2014-03-31T10:27:57.712085 #3067]  INFO -- : 0:  thread_safe (0.1.3) from /Users/keithwilliamsjr/.rvm/gems/ruby-2.0.0-p353/specifications/thread_safe-0.1.3.gemspec
I, [2014-03-31T10:27:58.767945 #3067]  INFO -- : 0:  tzinfo (0.3.38) from /Users/keithwilliamsjr/.rvm/gems/ruby-2.0.0-p353/specifications/tzinfo-0.3.38.gemspec
I, [2014-03-31T10:27:59.825678 #3067]  INFO -- : 0:  activesupport (4.0.3) from /Users/keithwilliamsjr/.rvm/gems/ruby-2.0.0-p353/specifications/activesupport-4.0.3.gemspec
I, [2014-03-31T10:27:59.826136 #3067]  INFO -- : 0:  builder (3.1.4) from /Users/keithwilliamsjr/.rvm/gems/ruby-2.0.0-p353/specifications/builder-3.1.4.gemspec
I, [2014-03-31T10:28:01.092829 #3067]  INFO -- : 0:  activemodel (4.0.3) from /Users/keithwilliamsjr/.rvm/gems/ruby-2.0.0-p353/specifications/activemodel-4.0.3.gemspec
I, [2014-03-31T10:28:01.093278 #3067]  INFO -- : 0:  activerecord-deprecated_finders (1.0.3) from /Users/keithwilliamsjr/.rvm/gems/ruby-2.0.0-p353/specifications/activerecord-deprecated_finders-1.0.3.gemspec
I, [2014-03-31T10:28:01.093555 #3067]  INFO -- : 0:  arel (4.0.2) from /Users/keithwilliamsjr/.rvm/gems/ruby-2.0.0-p353/specifications/arel-4.0.2.gemspec
I, [2014-03-31T10:28:02.995236 #3067]  INFO -- : 0:  activerecord (4.0.3) from /Users/keithwilliamsjr/.rvm/gems/ruby-2.0.0-p353/specifications/activerecord-4.0.3.gemspec
I, [2014-03-31T10:28:04.865291 #3067]  INFO -- : 0:  bcrypt (3.1.7) from /Users/keithwilliamsjr/.rvm/gems/ruby-2.0.0-p353/specifications/bcrypt-3.1.7.gemspec
I, [2014-03-31T10:28:06.505047 #3067]  INFO -- : 0:  bcrypt-ruby (3.1.2) from /Users/keithwilliamsjr/.rvm/gems/ruby-2.0.0-p353/specifications/bcrypt-ruby-3.1.2.gemspec
I, [2014-03-31T10:28:06.505571 #3067]  INFO -- : 0:  bond (0.4.3) from /Users/keithwilliamsjr/.rvm/gems/ruby-2.0.0-p353/specifications/bond-0.4.3.gemspec
I, [2014-03-31T10:28:06.505931 #3067]  INFO -- : 0:  mime-types (1.25.1) from /Users/keithwilliamsjr/.rvm/gems/ruby-2.0.0-p353/specifications/mime-types-1.25.1.gemspec
I, [2014-03-31T10:28:07.197845 #3067]  INFO -- : 0:  mini_portile (0.5.2) from /Users/keithwilliamsjr/.rvm/gems/ruby-2.0.0-p353/specifications/mini_portile-0.5.2.gemspec
I, [2014-03-31T10:29:38.707530 #3067]  INFO -- : 0:  nokogiri (1.6.1) from /Users/keithwilliamsjr/.rvm/gems/ruby-2.0.0-p353/specifications/nokogiri-1.6.1.gemspec
I, [2014-03-31T10:29:38.708666 #3067]  INFO -- : 0:  rack (1.5.2) from /Users/keithwilliamsjr/.rvm/gems/ruby-2.0.0-p353/specifications/rack-1.5.2.gemspec
I, [2014-03-31T10:29:38.709303 #3067]  INFO -- : 0:  rack-test (0.6.2) from /Users/keithwilliamsjr/.rvm/gems/ruby-2.0.0-p353/specifications/rack-test-0.6.2.gemspec
I, [2014-03-31T10:29:39.844969 #3067]  INFO -- : 0:  xpath (2.0.0) from /Users/keithwilliamsjr/.rvm/gems/ruby-2.0.0-p353/specifications/xpath-2.0.0.gemspec
I, [2014-03-31T10:29:41.446927 #3067]  INFO -- : 0:  capybara (2.1.0) from /Users/keithwilliamsjr/.rvm/gems/ruby-2.0.0-p353/specifications/capybara-2.1.0.gemspec
I, [2014-03-31T10:29:41.986697 #3067]  INFO -- : 0:  timers (1.1.0) from /Users/keithwilliamsjr/.rvm/gems/ruby-2.0.0-p353/specifications/timers-1.1.0.gemspec
I, [2014-03-31T10:29:43.031083 #3067]  INFO -- : 0:  celluloid (0.15.2) from /Users/keithwilliamsjr/.rvm/gems/ruby-2.0.0-p353/specifications/celluloid-0.15.2.gemspec
I, [2014-03-31T10:29:44.274810 #3067]  INFO -- : 0:  coderay (1.1.0) from /Users/keithwilliamsjr/.rvm/gems/ruby-2.0.0-p353/specifications/coderay-1.1.0.gemspec
I, [2014-03-31T10:29:44.275450 #3067]  INFO -- : 0:  columnize (0.3.6) from /Users/keithwilliamsjr/.rvm/gems/ruby-2.0.0-p353/specifications/columnize-0.3.6.gemspec
I, [2014-03-31T10:29:45.360664 #3067]  INFO -- : 0:  connection_pool (1.2.0) from /Users/keithwilliamsjr/.rvm/gems/ruby-2.0.0-p353/specifications/connection_pool-1.2.0.gemspec
I, [2014-03-31T10:29:45.361083 #3067]  INFO -- : 0:  debugger-linecache (1.2.0) from /Users/keithwilliamsjr/.rvm/gems/ruby-2.0.0-p353/specifications/debugger-linecache-1.2.0.gemspec
I, [2014-03-31T10:29:45.361394 #3067]  INFO -- : 0:  debugger-ruby_core_source (1.3.2) from /Users/keithwilliamsjr/.rvm/gems/ruby-2.0.0-p353/specifications/debugger-ruby_core_source-1.3.2.gemspec
I, [2014-03-31T10:29:47.522108 #3067]  INFO -- : 0:  debugger (1.6.5) from /Users/keithwilliamsjr/.rvm/gems/ruby-2.0.0-p353/specifications/debugger-1.6.5.gemspec
I, [2014-03-31T10:29:48.786573 #3067]  INFO -- : 0:  diff-lcs (1.2.5) from /Users/keithwilliamsjr/.rvm/gems/ruby-2.0.0-p353/specifications/diff-lcs-1.2.5.gemspec
I, [2014-03-31T10:29:57.567064 #3067]  INFO -- : 0:  eventmachine (1.0.3) from /Users/keithwilliamsjr/.rvm/gems/ruby-2.0.0-p353/specifications/eventmachine-1.0.3.gemspec
I, [2014-03-31T10:29:59.617364 #3067]  INFO -- : 0:  factory_girl (4.4.0) from /Users/keithwilliamsjr/.rvm/gems/ruby-2.0.0-p353/specifications/factory_girl-4.4.0.gemspec
I, [2014-03-31T10:30:00.272077 #3067]  INFO -- : 0:  faker (1.2.0) from /Users/keithwilliamsjr/.rvm/gems/ruby-2.0.0-p353/specifications/faker-1.2.0.gemspec
I, [2014-03-31T10:30:01.525274 #3067]  INFO -- : 0:  websocket-driver (0.3.2) from /Users/keithwilliamsjr/.rvm/gems/ruby-2.0.0-p353/specifications/websocket-driver-0.3.2.gemspec
I, [2014-03-31T10:30:02.591850 #3067]  INFO -- : 0:  faye-websocket (0.7.2) from /Users/keithwilliamsjr/.rvm/gems/ruby-2.0.0-p353/specifications/faye-websocket-0.7.2.gemspec
I, [2014-03-31T10:30:02.592368 #3067]  INFO -- : 0:  json (1.8.1) from /Users/keithwilliamsjr/.rvm/gems/ruby-2.0.0-p353/specifications/json-1.8.1.gemspec
I, [2014-03-31T10:30:03.465349 #3067]  INFO -- : 0:  jwt (0.1.11) from /Users/keithwilliamsjr/.rvm/gems/ruby-2.0.0-p353/specifications/jwt-0.1.11.gemspec
I, [2014-03-31T10:30:03.466010 #3067]  INFO -- : 0:  polyglot (0.3.4) from /Users/keithwilliamsjr/.rvm/gems/ruby-2.0.0-p353/specifications/polyglot-0.3.4.gemspec
I, [2014-03-31T10:30:03.466404 #3067]  INFO -- : 0:  treetop (1.4.15) from /Users/keithwilliamsjr/.rvm/gems/ruby-2.0.0-p353/specifications/treetop-1.4.15.gemspec
I, [2014-03-31T10:30:03.466760 #3067]  INFO -- : 0:  mail (2.5.4) from /Users/keithwilliamsjr/.rvm/gems/ruby-2.0.0-p353/specifications/mail-2.5.4.gemspec
I, [2014-03-31T10:30:04.337347 #3067]  INFO -- : 0:  method_source (0.8.2) from /Users/keithwilliamsjr/.rvm/gems/ruby-2.0.0-p353/specifications/method_source-0.8.2.gemspec
I, [2014-03-31T10:30:04.337775 #3067]  INFO -- : 0:  pg (0.17.1) from /Users/keithwilliamsjr/.rvm/gems/ruby-2.0.0-p353/specifications/pg-0.17.1.gemspec
I, [2014-03-31T10:30:05.419937 #3067]  INFO -- : 0:  slop (3.4.7) from /Users/keithwilliamsjr/.rvm/gems/ruby-2.0.0-p353/specifications/slop-3.4.7.gemspec
I, [2014-03-31T10:30:07.018847 #3067]  INFO -- : 0:  pry (0.9.12.6) from /Users/keithwilliamsjr/.rvm/gems/ruby-2.0.0-p353/specifications/pry-0.9.12.6.gemspec
I, [2014-03-31T10:30:08.733875 #3067]  INFO -- : 0:  puma (2.6.0) from /Users/keithwilliamsjr/.rvm/gems/ruby-2.0.0-p353/specifications/puma-2.6.0.gemspec
I, [2014-03-31T10:30:08.734467 #3067]  INFO -- : 0:  rack-protection (1.5.2) from /Users/keithwilliamsjr/.rvm/gems/ruby-2.0.0-p353/specifications/rack-protection-1.5.2.gemspec
I, [2014-03-31T10:30:10.542341 #3067]  INFO -- : 0:  redis (3.0.7) from /Users/keithwilliamsjr/.rvm/gems/ruby-2.0.0-p353/specifications/redis-3.0.7.gemspec
I, [2014-03-31T10:30:11.474632 #3067]  INFO -- : 0:  redis-namespace (1.4.1) from /Users/keithwilliamsjr/.rvm/gems/ruby-2.0.0-p353/specifications/redis-namespace-1.4.1.gemspec
I, [2014-03-31T10:30:11.475056 #3067]  INFO -- : 0:  tilt (1.4.1) from /Users/keithwilliamsjr/.rvm/gems/ruby-2.0.0-p353/specifications/tilt-1.4.1.gemspec
I, [2014-03-31T10:30:11.475371 #3067]  INFO -- : 0:  sinatra (1.4.4) from /Users/keithwilliamsjr/.rvm/gems/ruby-2.0.0-p353/specifications/sinatra-1.4.4.gemspec
I, [2014-03-31T10:30:11.985649 #3067]  INFO -- : 0:  vegas (0.1.11) from /Users/keithwilliamsjr/.rvm/gems/ruby-2.0.0-p353/specifications/vegas-0.1.11.gemspec
I, [2014-03-31T10:30:12.702435 #3067]  INFO -- : 0:  resque (1.22.0) from /Users/keithwilliamsjr/.rvm/gems/ruby-2.0.0-p353/specifications/resque-1.22.0.gemspec
I, [2014-03-31T10:30:12.702891 #3067]  INFO -- : 0:  ripl (0.7.0) from /Users/keithwilliamsjr/.rvm/gems/ruby-2.0.0-p353/specifications/ripl-0.7.0.gemspec
I, [2014-03-31T10:30:12.703211 #3067]  INFO -- : 0:  ripl-multi_line (0.3.1) from /Users/keithwilliamsjr/.rvm/gems/ruby-2.0.0-p353/specifications/ripl-multi_line-0.3.1.gemspec
I, [2014-03-31T10:30:12.703516 #3067]  INFO -- : 0:  ripl-rack (0.2.1) from /Users/keithwilliamsjr/.rvm/gems/ruby-2.0.0-p353/specifications/ripl-rack-0.2.1.gemspec
I, [2014-03-31T10:30:14.344879 #3067]  INFO -- : 0:  rspec-core (2.14.7) from /Users/keithwilliamsjr/.rvm/gems/ruby-2.0.0-p353/specifications/rspec-core-2.14.7.gemspec
I, [2014-03-31T10:30:15.681655 #3067]  INFO -- : 0:  rspec-expectations (2.14.5) from /Users/keithwilliamsjr/.rvm/gems/ruby-2.0.0-p353/specifications/rspec-expectations-2.14.5.gemspec
I, [2014-03-31T10:30:16.837541 #3067]  INFO -- : 0:  rspec-mocks (2.14.5) from /Users/keithwilliamsjr/.rvm/gems/ruby-2.0.0-p353/specifications/rspec-mocks-2.14.5.gemspec
I, [2014-03-31T10:30:17.346927 #3067]  INFO -- : 0:  rspec (2.14.1) from /Users/keithwilliamsjr/.rvm/gems/ruby-2.0.0-p353/specifications/rspec-2.14.1.gemspec
I, [2014-03-31T10:30:18.316711 #3067]  INFO -- : 0:  shotgun (0.9) from /Users/keithwilliamsjr/.rvm/gems/ruby-2.0.0-p353/specifications/shotgun-0.9.gemspec
I, [2014-03-31T10:30:19.823001 #3067]  INFO -- : 0:  sidekiq (2.17.7) from /Users/keithwilliamsjr/.rvm/gems/ruby-2.0.0-p353/specifications/sidekiq-2.17.7.gemspec
I, [2014-03-31T10:30:20.556881 #3067]  INFO -- : 0:  simplecov-html (0.7.1) from /Users/keithwilliamsjr/.rvm/gems/ruby-2.0.0-p353/specifications/simplecov-html-0.7.1.gemspec
I, [2014-03-31T10:30:21.164127 #3067]  INFO -- : 0:  simplecov (0.7.1) from /Users/keithwilliamsjr/.rvm/gems/ruby-2.0.0-p353/specifications/simplecov-0.7.1.gemspec
I, [2014-03-31T10:30:22.020861 #3067]  INFO -- : 0:  sinatra-activerecord (1.3.0) from /Users/keithwilliamsjr/.rvm/gems/ruby-2.0.0-p353/specifications/sinatra-activerecord-1.3.0.gemspec
I, [2014-03-31T10:30:22.667732 #3067]  INFO -- : 0:  sinatra-flash (0.3.0) from /Users/keithwilliamsjr/.rvm/gems/ruby-2.0.0-p353/specifications/sinatra-flash-0.3.0.gemspec
I, [2014-03-31T10:30:22.668160 #3067]  INFO -- : 0:  sqlite3 (1.3.9) from /Users/keithwilliamsjr/.rvm/gems/ruby-2.0.0-p353/specifications/sqlite3-1.3.9.gemspec
I, [2014-03-31T10:30:22.668473 #3067]  INFO -- : 0:  tux (0.3.0) from /Users/keithwilliamsjr/.rvm/gems/ruby-2.0.0-p353/specifications/tux-0.3.0.gemspec
I, [2014-03-31T10:30:23.354597 #3067]  INFO -- : 0:  twilio-ruby (3.11.5) from /Users/keithwilliamsjr/.rvm/gems/ruby-2.0.0-p353/specifications/twilio-ruby-3.11.5.gemspec
I, [2014-03-31T10:30:23.355032 #3067]  INFO -- : 0:  bundler (1.5.1) from /Users/keithwilliamsjr/.rvm/gems/ruby-2.0.0-p353@global/specifications/bundler-1.5.1.gemspec
